<?xml version="1.0" encoding="UTF-8"?>
<!-- Generated by org.testng.reporters.JUnitReportReporter -->
<testsuite skipped="0" hostname="DESKTOP-U7FB4U6" name="d07_02_2022_tests.KatalonTest" tests="1" failures="0" timestamp="2022-02-10T16:52:05 CET" time="14.662" errors="0">
  <testcase name="KatalonTest" time="14.662" classname="d07_02_2022_tests.KatalonTest"/>
  <system-out/>
</testsuite> <!-- d07_02_2022_tests.KatalonTest -->
