<?xml version="1.0" encoding="UTF-8"?>
<!-- Generated by org.testng.reporters.JUnitReportReporter -->
<testsuite skipped="0" hostname="DESKTOP-U7FB4U6" name="d04_02_2022.Zadatak1" tests="1" failures="0" timestamp="2022-02-06T17:09:39 CET" time="34.246" errors="0">
  <testcase name="inputsTest" time="34.246" classname="d04_02_2022.Zadatak1"/>
  <system-out/>
</testsuite> <!-- d04_02_2022.Zadatak1 -->
